[AI股神 API] 0.0.0.0:18085
[16:15:39] "GET /api/ai/posts/latest?limit=5 HTTP/1.1" 200 -
[16:15:44] "GET /api/ai/characters HTTP/1.0" 200 -
[16:15:44] "GET /api/ai/rankings HTTP/1.0" 200 -
[16:15:45] "GET /api/ai/posts/latest?limit=5 HTTP/1.0" 200 -
[16:15:45] "GET /api/ai/characters HTTP/1.0" 200 -
[16:16:14] "GET /api/ai/characters HTTP/1.0" 200 -
[16:16:14] "GET /api/ai/rankings HTTP/1.0" 200 -
[16:16:44] "GET /api/ai/characters HTTP/1.0" 200 -
[16:16:44] "GET /api/ai/rankings HTTP/1.0" 200 -
[16:17:14] "GET /api/ai/characters HTTP/1.0" 200 -
[16:17:14] "GET /api/ai/rankings HTTP/1.0" 200 -
[16:17:41] "GET /api/ai/characters HTTP/1.0" 200 -
[16:17:41] "GET /api/ai/rankings HTTP/1.0" 200 -
[16:17:41] "GET /api/ai/posts/latest?limit=5 HTTP/1.0" 200 -
[16:17:42] "GET /api/ai/stats HTTP/1.0" 200 -
[16:18:03] "GET /api/ai/characters HTTP/1.0" 200 -
[16:18:04] "GET /api/ai/rankings HTTP/1.0" 200 -
[16:18:04] "GET /api/ai/posts/latest?limit=5 HTTP/1.0" 200 -
[16:18:04] "GET /api/ai/stats HTTP/1.0" 200 -
[16:18:15] "GET /api/ymos/panel/all HTTP/1.0" 404 -
[16:18:45] "GET /api/ymos/panel/all HTTP/1.0" 404 -
[16:19:15] "GET /api/ymos/panel/all HTTP/1.0" 404 -
[16:19:45] "GET /api/ymos/panel/all HTTP/1.0" 404 -
[16:20:15] "GET /api/ymos/panel/all HTTP/1.0" 404 -
[16:20:45] "GET /api/ymos/panel/all HTTP/1.0" 404 -
[16:21:15] "GET /api/ymos/panel/all HTTP/1.0" 404 -
[16:21:45] "GET /api/ymos/panel/all HTTP/1.0" 404 -
[16:22:06] "GET /api/ai/characters HTTP/1.0" 200 -
[16:22:06] "GET /api/ai/rankings HTTP/1.0" 200 -
[16:22:07] "GET /api/ai/posts/latest?limit=5 HTTP/1.0" 200 -
[16:22:07] "GET /api/ai/stats HTTP/1.0" 200 -
[16:22:37] "GET /api/ai/characters HTTP/1.0" 200 -
[16:22:37] "GET /api/ai/rankings HTTP/1.0" 200 -
[16:23:07] "GET /api/ai/characters HTTP/1.0" 200 -
[16:23:07] "GET /api/ai/rankings HTTP/1.0" 200 -
[16:23:37] "GET /api/ai/characters HTTP/1.0" 200 -
[16:23:37] "GET /api/ai/rankings HTTP/1.0" 200 -
[16:24:07] "GET /api/ai/characters HTTP/1.0" 200 -
[16:24:07] "GET /api/ai/rankings HTTP/1.0" 200 -
[16:24:37] "GET /api/ai/characters HTTP/1.0" 200 -
[16:24:37] "GET /api/ai/rankings HTTP/1.0" 200 -
[16:25:07] "GET /api/ai/characters HTTP/1.0" 200 -
[16:25:07] "GET /api/ai/rankings HTTP/1.0" 200 -
[16:25:37] "GET /api/ai/characters HTTP/1.0" 200 -
[16:25:37] "GET /api/ai/rankings HTTP/1.0" 200 -
[16:26:07] "GET /api/ai/characters HTTP/1.0" 200 -
[16:26:07] "GET /api/ai/rankings HTTP/1.0" 200 -
[16:26:37] "GET /api/ai/characters HTTP/1.0" 200 -
[16:26:37] "GET /api/ai/rankings HTTP/1.0" 200 -
[16:27:07] "GET /api/ai/characters HTTP/1.0" 200 -
[16:27:07] "GET /api/ai/rankings HTTP/1.0" 200 -
[16:27:37] "GET /api/ai/characters HTTP/1.0" 200 -
[16:27:37] "GET /api/ai/rankings HTTP/1.0" 200 -
[16:28:07] "GET /api/ai/characters HTTP/1.0" 200 -
[16:28:07] "GET /api/ai/rankings HTTP/1.0" 200 -
[16:28:37] "GET /api/ai/characters HTTP/1.0" 200 -
[16:28:37] "GET /api/ai/rankings HTTP/1.0" 200 -
[16:29:08] "GET /api/ai/characters HTTP/1.0" 200 -
[16:29:08] "GET /api/ai/rankings HTTP/1.0" 200 -
[16:29:37] "GET /api/ai/characters HTTP/1.0" 200 -
[16:29:37] "GET /api/ai/rankings HTTP/1.0" 200 -
[16:29:45] "GET /api/ymos/panel/all HTTP/1.0" 404 -
[16:30:15] "GET /api/ymos/panel/all HTTP/1.0" 404 -
[16:30:45] "GET /api/ymos/panel/all HTTP/1.0" 404 -
[16:31:15] "GET /api/ymos/panel/all HTTP/1.0" 404 -
[16:31:45] "GET /api/ymos/panel/all HTTP/1.0" 404 -
[16:32:15] "GET /api/ymos/panel/all HTTP/1.0" 404 -
[16:32:45] "GET /api/ymos/panel/all HTTP/1.0" 404 -
[16:33:15] "GET /api/ymos/panel/all HTTP/1.0" 404 -
[16:34:07] "GET /api/ymos/panel/all HTTP/1.0" 404 -
[16:35:07] "GET /api/ymos/panel/all HTTP/1.0" 404 -
[16:36:07] "GET /api/ymos/panel/all HTTP/1.0" 404 -
[16:37:07] "GET /api/ymos/panel/all HTTP/1.0" 404 -
[16:38:07] "GET /api/ymos/panel/all HTTP/1.0" 404 -
[16:39:07] "GET /api/ymos/panel/all HTTP/1.0" 404 -
[16:40:07] "GET /api/ymos/panel/all HTTP/1.0" 404 -
[16:41:07] "GET /api/ymos/panel/all HTTP/1.0" 404 -
[16:42:07] "GET /api/ymos/panel/all HTTP/1.0" 404 -
[16:43:07] "GET /api/ymos/panel/all HTTP/1.0" 404 -
[16:44:07] "GET /api/ymos/panel/all HTTP/1.0" 404 -
[16:45:07] "GET /api/ymos/panel/all HTTP/1.0" 404 -
[16:46:07] "GET /api/ymos/panel/all HTTP/1.0" 404 -
[16:47:07] "GET /api/ymos/panel/all HTTP/1.0" 404 -
[16:48:07] "GET /api/ymos/panel/all HTTP/1.0" 404 -
[16:49:07] "GET /api/ymos/panel/all HTTP/1.0" 404 -
[16:50:07] "GET /api/ymos/panel/all HTTP/1.0" 404 -
[16:51:07] "GET /api/ymos/panel/all HTTP/1.0" 404 -
[16:52:07] "GET /api/ymos/panel/all HTTP/1.0" 404 -
[16:53:07] "GET /api/ymos/panel/all HTTP/1.0" 404 -
[16:54:08] "GET /api/ymos/panel/all HTTP/1.0" 404 -
[16:55:07] "GET /api/ymos/panel/all HTTP/1.0" 404 -
[16:56:07] "GET /api/ymos/panel/all HTTP/1.0" 404 -
[16:57:07] "GET /api/ymos/panel/all HTTP/1.0" 404 -
[16:58:07] "GET /api/ymos/panel/all HTTP/1.0" 404 -
[16:59:07] "GET /api/ymos/panel/all HTTP/1.0" 404 -
[17:00:07] "GET /api/ymos/panel/all HTTP/1.0" 404 -
[17:01:07] "GET /api/ymos/panel/all HTTP/1.0" 404 -
[17:02:07] "GET /api/ymos/panel/all HTTP/1.0" 404 -
[17:03:07] "GET /api/ymos/panel/all HTTP/1.0" 404 -
[17:04:07] "GET /api/ymos/panel/all HTTP/1.0" 404 -
[17:04:19] "GET /api/ymos/panel/all HTTP/1.0" 404 -
[17:04:23] "GET /api/ymos/panel/all HTTP/1.0" 404 -
[17:04:28] "GET /api/ai/characters HTTP/1.0" 200 -
[17:04:28] "GET /api/ai/posts/latest?limit=100 HTTP/1.0" 200 -
[17:05:08] "GET /api/ai/characters HTTP/1.0" 200 -
[17:05:09] "GET /api/ai/rankings HTTP/1.0" 200 -
[17:05:09] "GET /api/ai/posts/latest?limit=5 HTTP/1.0" 200 -
[17:05:09] "GET /api/ai/stats HTTP/1.0" 200 -
[17:05:39] "GET /api/ai/characters HTTP/1.0" 200 -
[17:05:39] "GET /api/ai/rankings HTTP/1.0" 200 -
[17:06:09] "GET /api/ai/characters HTTP/1.0" 200 -
[17:06:09] "GET /api/ai/rankings HTTP/1.0" 200 -
[17:06:39] "GET /api/ai/characters HTTP/1.0" 200 -
[17:06:39] "GET /api/ai/rankings HTTP/1.0" 200 -
[17:07:09] "GET /api/ai/characters HTTP/1.0" 200 -
[17:07:09] "GET /api/ai/rankings HTTP/1.0" 200 -
[17:07:39] "GET /api/ai/characters HTTP/1.0" 200 -
[17:07:39] "GET /api/ai/rankings HTTP/1.0" 200 -
[17:08:09] "GET /api/ai/characters HTTP/1.0" 200 -
[17:08:09] "GET /api/ai/rankings HTTP/1.0" 200 -
[17:08:39] "GET /api/ai/characters HTTP/1.0" 200 -
[17:08:39] "GET /api/ai/rankings HTTP/1.0" 200 -
[17:09:09] "GET /api/ai/characters HTTP/1.0" 200 -
[17:09:09] "GET /api/ai/rankings HTTP/1.0" 200 -
[17:09:39] "GET /api/ai/characters HTTP/1.0" 200 -
[17:09:39] "GET /api/ai/rankings HTTP/1.0" 200 -
[17:10:09] "GET /api/ai/characters HTTP/1.0" 200 -
[17:10:09] "GET /api/ai/rankings HTTP/1.0" 200 -
[17:10:39] "GET /api/ai/characters HTTP/1.0" 200 -
[17:10:39] "GET /api/ai/rankings HTTP/1.0" 200 -
[17:11:09] "GET /api/ai/characters HTTP/1.0" 200 -
[17:11:09] "GET /api/ai/rankings HTTP/1.0" 200 -
[17:11:39] "GET /api/ai/characters HTTP/1.0" 200 -
[17:11:39] "GET /api/ai/rankings HTTP/1.0" 200 -
[17:12:09] "GET /api/ai/characters HTTP/1.0" 200 -
[17:12:09] "GET /api/ai/rankings HTTP/1.0" 200 -
[17:12:39] "GET /api/ai/characters HTTP/1.0" 200 -
[17:12:39] "GET /api/ai/rankings HTTP/1.0" 200 -
[17:13:09] "GET /api/ai/characters HTTP/1.0" 200 -
[17:13:09] "GET /api/ai/rankings HTTP/1.0" 200 -
[17:13:39] "GET /api/ai/characters HTTP/1.0" 200 -
[17:13:39] "GET /api/ai/rankings HTTP/1.0" 200 -
[17:14:09] "GET /api/ai/characters HTTP/1.0" 200 -
[17:14:09] "GET /api/ai/rankings HTTP/1.0" 200 -
[17:14:39] "GET /api/ai/characters HTTP/1.0" 200 -
[17:14:39] "GET /api/ai/rankings HTTP/1.0" 200 -
[17:15:09] "GET /api/ai/characters HTTP/1.0" 200 -
[17:15:09] "GET /api/ai/rankings HTTP/1.0" 200 -
[17:15:39] "GET /api/ai/characters HTTP/1.0" 200 -
[17:15:39] "GET /api/ai/rankings HTTP/1.0" 200 -
[17:15:57] "GET /api/ai/sectors HTTP/1.1" 404 -
[17:16:07] "GET /api/ai/ HTTP/1.1" 200 -
[17:16:09] "GET /api/ai/characters HTTP/1.0" 200 -
[17:16:09] "GET /api/ai/rankings HTTP/1.0" 200 -
[17:16:39] "GET /api/ai/characters HTTP/1.0" 200 -
[17:16:39] "GET /api/ai/rankings HTTP/1.0" 200 -
[17:17:09] "GET /api/ai/characters HTTP/1.0" 200 -
[17:17:09] "GET /api/ai/rankings HTTP/1.0" 200 -
[17:17:39] "GET /api/ai/characters HTTP/1.0" 200 -
[17:17:39] "GET /api/ai/rankings HTTP/1.0" 200 -
[17:17:52] "GET /api/ai/stats HTTP/1.0" 200 -
[17:18:09] "GET /api/ai/characters HTTP/1.0" 200 -
[17:18:09] "GET /api/ai/rankings HTTP/1.0" 200 -
[17:18:39] "GET /api/ai/characters HTTP/1.0" 200 -
[17:18:39] "GET /api/ai/rankings HTTP/1.0" 200 -
[17:18:41] "GET /api/ai/stats HTTP/1.1" 200 -
[17:18:41] "GET /api/ai/rankings HTTP/1.1" 200 -
[17:18:41] "GET /api/ai/characters HTTP/1.1" 200 -
[17:19:09] "GET /api/ai/characters HTTP/1.0" 200 -
[17:19:09] "GET /api/ai/rankings HTTP/1.0" 200 -
[17:19:39] "GET /api/ai/characters HTTP/1.0" 200 -
[17:19:39] "GET /api/ai/rankings HTTP/1.0" 200 -
[17:20:09] "GET /api/ai/characters HTTP/1.0" 200 -
[17:20:09] "GET /api/ai/rankings HTTP/1.0" 200 -
[17:20:20] "GET /api/ai/stats HTTP/1.1" 200 -
[17:20:20] "GET /api/ai/stats HTTP/1.1" 200 -
[17:20:32] code 501, message Unsupported method ('HEAD')
[17:20:32] "HEAD /api/ai/stats HTTP/1.0" 501 -
[17:20:39] "GET /api/ai/characters HTTP/1.0" 200 -
[17:20:39] "GET /api/ai/rankings HTTP/1.0" 200 -
[17:21:09] "GET /api/ai/characters HTTP/1.0" 200 -
[17:21:09] "GET /api/ai/rankings HTTP/1.0" 200 -
[17:21:20] code 501, message Unsupported method ('HEAD')
[17:21:20] "HEAD /api/ai/stats HTTP/1.0" 501 -
[17:21:20] "GET /api/ai/stats HTTP/1.0" 200 -
[17:21:39] "GET /api/ai/characters HTTP/1.0" 200 -
[17:21:39] "GET /api/ai/rankings HTTP/1.0" 200 -
[17:22:09] "GET /api/ai/characters HTTP/1.0" 200 -
[17:22:09] "GET /api/ai/rankings HTTP/1.0" 200 -
[17:22:39] "GET /api/ai/characters HTTP/1.0" 200 -
[17:22:39] "GET /api/ai/rankings HTTP/1.0" 200 -
[17:23:00] "GET /api/ai/stats HTTP/1.1" 200 -
[17:23:00] "GET /api/ai/rankings HTTP/1.1" 200 -
[17:23:00] "GET /api/ai/characters HTTP/1.1" 200 -
[17:23:00] "GET /api/ai/posts/latest?limit=5 HTTP/1.1" 200 -
[17:23:09] "GET /api/ai/characters HTTP/1.0" 200 -
[17:23:09] "GET /api/ai/rankings HTTP/1.0" 200 -
[17:23:39] "GET /api/ai/characters HTTP/1.0" 200 -
[17:23:39] "GET /api/ai/rankings HTTP/1.0" 200 -
[17:24:09] "GET /api/ai/characters HTTP/1.0" 200 -
[17:24:09] "GET /api/ai/rankings HTTP/1.0" 200 -
[17:24:40] "GET /api/ai/characters HTTP/1.0" 200 -
[17:24:40] "GET /api/ai/rankings HTTP/1.0" 200 -
[17:25:09] "GET /api/ai/characters HTTP/1.0" 200 -
[17:25:09] "GET /api/ai/rankings HTTP/1.0" 200 -
[17:25:39] "GET /api/ai/characters HTTP/1.0" 200 -
[17:25:39] "GET /api/ai/rankings HTTP/1.0" 200 -
[17:26:09] "GET /api/ai/characters HTTP/1.0" 200 -
[17:26:09] "GET /api/ai/rankings HTTP/1.0" 200 -
[17:26:39] "GET /api/ai/characters HTTP/1.0" 200 -
[17:26:39] "GET /api/ai/rankings HTTP/1.0" 200 -
[17:27:09] "GET /api/ai/characters HTTP/1.0" 200 -
[17:27:09] "GET /api/ai/rankings HTTP/1.0" 200 -
[17:27:14] "GET /api/ai/characters HTTP/1.0" 200 -
[17:27:14] "GET /api/ai/rankings HTTP/1.0" 200 -
[17:27:15] "GET /api/ai/posts/latest?limit=5 HTTP/1.0" 200 -
[17:27:15] "GET /api/ai/stats HTTP/1.0" 200 -
[17:27:29] "GET /api/posts/643 HTTP/1.0" 404 -
[17:27:29] "GET /api/posts?limit=10&offset=0 HTTP/1.0" 404 -
[17:27:32] "GET /api/ai/characters HTTP/1.0" 200 -
[17:27:33] "GET /api/ai/rankings HTTP/1.0" 200 -
[17:27:33] "GET /api/ai/posts/latest?limit=5 HTTP/1.0" 200 -
[17:27:34] "GET /api/ai/stats HTTP/1.0" 200 -
[17:27:39] "GET /api/ai/characters HTTP/1.0" 200 -
[17:27:39] "GET /api/ai/rankings HTTP/1.0" 200 -
[17:28:09] "GET /api/ai/characters HTTP/1.0" 200 -
[17:28:09] "GET /api/ai/rankings HTTP/1.0" 200 -
[17:28:39] "GET /api/ai/characters HTTP/1.0" 200 -
[17:28:39] "GET /api/ai/rankings HTTP/1.0" 200 -
[17:28:50] "GET /api/ai/characters HTTP/1.1" 200 -
[17:29:09] "GET /api/ai/characters HTTP/1.0" 200 -
[17:29:09] "GET /api/ai/rankings HTTP/1.0" 200 -
[17:29:39] "GET /api/ai/characters HTTP/1.0" 200 -
[17:29:39] "GET /api/ai/rankings HTTP/1.0" 200 -
[17:30:09] "GET /api/ai/characters HTTP/1.0" 200 -
[17:30:09] "GET /api/ai/rankings HTTP/1.0" 200 -
[17:30:39] "GET /api/ai/characters HTTP/1.0" 200 -
[17:30:39] "GET /api/ai/rankings HTTP/1.0" 200 -
[17:31:09] "GET /api/ai/characters HTTP/1.0" 200 -
[17:31:09] "GET /api/ai/rankings HTTP/1.0" 200 -
[17:31:39] "GET /api/ai/characters HTTP/1.0" 200 -
[17:31:39] "GET /api/ai/rankings HTTP/1.0" 200 -
[17:32:09] "GET /api/ai/characters HTTP/1.0" 200 -
[17:32:09] "GET /api/ai/rankings HTTP/1.0" 200 -
[17:32:39] "GET /api/ai/characters HTTP/1.0" 200 -
[17:32:39] "GET /api/ai/rankings HTTP/1.0" 200 -
[17:33:05] "GET /api/ai/characters HTTP/1.1" 200 -
[17:33:09] "GET /api/ai/characters HTTP/1.0" 200 -
[17:33:09] "GET /api/ai/rankings HTTP/1.0" 200 -
[17:33:39] "GET /api/ai/characters HTTP/1.0" 200 -
[17:33:39] "GET /api/ai/rankings HTTP/1.0" 200 -
[17:33:51] "GET /api/ai/rankings HTTP/1.1" 200 -
[17:33:51] "GET /api/ai/characters/1/posts HTTP/1.1" 404 -
[17:33:59] "GET /api/ai/characters/1/posts HTTP/1.1" 404 -
[17:33:59] "GET /api/ai/characters/1/holdings HTTP/1.1" 200 -
[17:33:59] "GET /api/ai/characters/1 HTTP/1.1" 200 -
[17:34:09] "GET /api/ai/characters HTTP/1.0" 200 -
[17:34:09] "GET /api/ai/rankings HTTP/1.0" 200 -
[17:34:13] "GET /api/ai/characters/1/posts HTTP/1.1" 404 -
[17:34:13] "GET /api/ai/characters/1/posts HTTP/1.1" 404 -
[17:34:39] "GET /api/ai/characters HTTP/1.0" 200 -
[17:34:39] "GET /api/ai/rankings HTTP/1.0" 200 -
