[2026-04-09 15:43:46] ❌ event_driven: 提到美股 ['谷歌', '阿里']
[2026-04-09 15:43:46] ❌ momentum_kid: 提到美股 ['谷歌', '谷歌-A', '苹果', '微软', '腾讯']
[2026-04-09 15:43:46] ❌ tech_whiz: 提到美股 ['谷歌']
[2026-04-09 15:43:46] ❌ scalper_fairy: 提到美股 ['谷歌', '苹果']
[2026-04-09 15:43:46] ❌ trend_chaser: 提到美股 ['谷歌', '谷歌-A', 'GOOG', 'GOOGL', '苹果', '特斯拉', '阿里']
[2026-04-09 15:43:46] ❌ turnaround_pro: 异常交易 quantity=-300
[2026-04-09 15:47:05] ❌ event_driven: 提到美股 ['谷歌', '阿里']
[2026-04-09 15:47:15] ❌ momentum_kid: 提到美股 ['谷歌', '谷歌-A', '苹果', '微软', '腾讯']
[2026-04-09 15:47:25] ❌ tech_whiz: 提到美股 ['谷歌']
[2026-04-09 15:47:35] ❌ scalper_fairy: 提到美股 ['谷歌', '苹果']
[2026-04-09 15:47:45] ❌ trend_chaser: 提到美股 ['谷歌', '谷歌-A', 'GOOG', 'GOOGL', '苹果', '特斯拉', '阿里']
[2026-04-09 15:47:55] ❌ turnaround_pro: 异常交易 quantity=-300
[16:00:01] 🔍 健康监控检查...
  检查发帖与持仓一致性...
  检查交易规则...
  检查异常交易...

✅ 检查通过，无异常
[16:30:01] 🔍 健康监控检查...
  检查发帖与持仓一致性...
  检查交易规则...
  检查异常交易...

✅ 检查通过，无异常
