
==================================================
⚖️ P12 纪律审查裁决
==================================================
AI: macro_master | 操作: SELL | 股票: 600519.SH
裁决: 🟢 合规放行


📋 行为矫正:
  • 交易符合纪律要求

❓ 灵魂拷问:
  • "保持纪律，理性决策"
==================================================

==================================================
⚖️ P12 纪律审查裁决
==================================================
AI: tech_whiz | 操作: SELL | 股票: 000001.SZ
裁决: 🟢 合规放行


📋 行为矫正:
  • 交易符合纪律要求

❓ 灵魂拷问:
  • "保持纪律，理性决策"
==================================================

==================================================
⚖️ P12 纪律审查裁决
==================================================
AI: quant_queen | 操作: BUY | 股票: 000001.SZ
裁决: 🔴 违规驳回

🚨 违规项指控:
  1. [total_position_overflow] 总仓位超标: 81.08万 > 80.00万(本金80%)
     ⚠️ 仓位过于集中，应保留一定现金储备

📋 行为矫正:
  • 减少买入数量或先卖出其他股票降低仓位
==================================================

==================================================
⚖️ P12 纪律审查裁决
==================================================
AI: macro_master | 操作: SELL | 股票: 600519.SH
裁决: 🟢 合规放行


📋 行为矫正:
  • 交易符合纪律要求

❓ 灵魂拷问:
  • "保持纪律，理性决策"
==================================================

==================================================
⚖️ P12 纪律审查裁决
==================================================
AI: trend_chaser | 操作: BUY | 股票: 000001.SZ
裁决: 🟢 合规放行


📋 行为矫正:
  • 交易符合纪律要求

❓ 灵魂拷问:
  • "保持纪律，理性决策"
==================================================

==================================================
⚖️ P12 纪律审查裁决
==================================================
AI: scalper_fairy | 操作: BUY | 股票: 000001.SZ
裁决: 🟢 合规放行


📋 行为矫正:
  • 交易符合纪律要求

❓ 灵魂拷问:
  • "保持纪律，理性决策"
==================================================

==================================================
⚖️ P12 纪律审查裁决
==================================================
AI: tech_whiz | 操作: BUY | 股票: 000001.SZ
裁决: 🟢 合规放行


📋 行为矫正:
  • 交易符合纪律要求

❓ 灵魂拷问:
  • "保持纪律，理性决策"
==================================================

==================================================
⚖️ P12 纪律审查裁决
==================================================
AI: dividend_hunter | 操作: BUY | 股票: 000001.SZ
裁决: 🟢 合规放行


📋 行为矫正:
  • 交易符合纪律要求

❓ 灵魂拷问:
  • "保持纪律，理性决策"
==================================================

==================================================
⚖️ P12 纪律审查裁决
==================================================
AI: momentum_kid | 操作: SELL | 股票: 000001.SZ
裁决: 🟢 合规放行


📋 行为矫正:
  • 交易符合纪律要求

❓ 灵魂拷问:
  • "保持纪律，理性决策"
==================================================

==================================================
⚖️ P12 纪律审查裁决
==================================================
AI: event_driven | 操作: BUY | 股票: 000001.SZ
裁决: 🟢 合规放行


📋 行为矫正:
  • 交易符合纪律要求

❓ 灵魂拷问:
  • "保持纪律，理性决策"
==================================================

==================================================
⚖️ P12 纪律审查裁决
==================================================
AI: trend_chaser | 操作: SELL | 股票: 000001.SZ
裁决: 🟢 合规放行


📋 行为矫正:
  • 交易符合纪律要求

❓ 灵魂拷问:
  • "保持纪律，理性决策"
==================================================

==================================================
⚖️ P12 纪律审查裁决
==================================================
AI: scalper_fairy | 操作: SELL | 股票: 000001.SZ
裁决: 🟢 合规放行


📋 行为矫正:
  • 交易符合纪律要求

❓ 灵魂拷问:
  • "保持纪律，理性决策"
==================================================

==================================================
⚖️ P12 纪律审查裁决
==================================================
AI: tech_whiz | 操作: SELL | 股票: 000001.SZ
裁决: 🟢 合规放行


📋 行为矫正:
  • 交易符合纪律要求

❓ 灵魂拷问:
  • "保持纪律，理性决策"
==================================================

==================================================
⚖️ P12 纪律审查裁决
==================================================
AI: event_driven | 操作: SELL | 股票: 000001.SZ
裁决: 🟢 合规放行


📋 行为矫正:
  • 交易符合纪律要求

❓ 灵魂拷问:
  • "保持纪律，理性决策"
==================================================

==================================================
⚖️ P12 纪律审查裁决
==================================================
AI: trend_chaser | 操作: BUY | 股票: 000001.SZ
裁决: 🟢 合规放行


📋 行为矫正:
  • 交易符合纪律要求

❓ 灵魂拷问:
  • "保持纪律，理性决策"
==================================================

==================================================
⚖️ P12 纪律审查裁决
==================================================
AI: trend_chaser | 操作: BUY | 股票: 000001.SZ
裁决: 🟢 合规放行


📋 行为矫正:
  • 交易符合纪律要求

❓ 灵魂拷问:
  • "保持纪律，理性决策"
==================================================

==================================================
⚖️ P12 纪律审查裁决
==================================================
AI: scalper_fairy | 操作: BUY | 股票: 000001.SZ
裁决: 🟢 合规放行


📋 行为矫正:
  • 交易符合纪律要求

❓ 灵魂拷问:
  • "保持纪律，理性决策"
==================================================

==================================================
⚖️ P12 纪律审查裁决
==================================================
AI: scalper_fairy | 操作: BUY | 股票: 000001.SZ
裁决: 🟢 合规放行


📋 行为矫正:
  • 交易符合纪律要求

❓ 灵魂拷问:
  • "保持纪律，理性决策"
==================================================

==================================================
⚖️ P12 纪律审查裁决
==================================================
AI: tech_whiz | 操作: BUY | 股票: 000001.SZ
裁决: 🟢 合规放行


📋 行为矫正:
  • 交易符合纪律要求

❓ 灵魂拷问:
  • "保持纪律，理性决策"
==================================================

==================================================
⚖️ P12 纪律审查裁决
==================================================
AI: tech_whiz | 操作: BUY | 股票: 000001.SZ
裁决: 🟢 合规放行


📋 行为矫正:
  • 交易符合纪律要求

❓ 灵魂拷问:
  • "保持纪律，理性决策"
==================================================

==================================================
⚖️ P12 纪律审查裁决
==================================================
AI: event_driven | 操作: BUY | 股票: 000001.SZ
裁决: 🟢 合规放行


📋 行为矫正:
  • 交易符合纪律要求

❓ 灵魂拷问:
  • "保持纪律，理性决策"
==================================================

==================================================
⚖️ P12 纪律审查裁决
==================================================
AI: trend_chaser | 操作: SELL | 股票: 000001.SZ
裁决: 🟢 合规放行


📋 行为矫正:
  • 交易符合纪律要求

❓ 灵魂拷问:
  • "保持纪律，理性决策"
==================================================

==================================================
⚖️ P12 纪律审查裁决
==================================================
AI: tech_whiz | 操作: SELL | 股票: 000001.SZ
裁决: 🟢 合规放行


📋 行为矫正:
  • 交易符合纪律要求

❓ 灵魂拷问:
  • "保持纪律，理性决策"
==================================================

==================================================
⚖️ P12 纪律审查裁决
==================================================
AI: event_driven | 操作: SELL | 股票: 000001.SZ
裁决: 🟢 合规放行


📋 行为矫正:
  • 交易符合纪律要求

❓ 灵魂拷问:
  • "保持纪律，理性决策"
==================================================

==================================================
⚖️ P12 纪律审查裁决
==================================================
AI: macro_master | 操作: SELL | 股票: 600519.SH
裁决: 🟢 合规放行


📋 行为矫正:
  • 交易符合纪律要求

❓ 灵魂拷问:
  • "保持纪律，理性决策"
==================================================

==================================================
⚖️ P12 纪律审查裁决
==================================================
AI: quant_queen | 操作: BUY | 股票: 000001.SZ
裁决: 🔴 违规驳回

🚨 违规项指控:
  1. [total_position_overflow] 总仓位超标: 81.08万 > 80.00万(本金80%)
     ⚠️ 仓位过于集中，应保留一定现金储备

📋 行为矫正:
  • 减少买入数量或先卖出其他股票降低仓位
==================================================

==================================================
⚖️ P12 纪律审查裁决
==================================================
AI: scalper_fairy | 操作: SELL | 股票: 000001.SZ
裁决: 🟢 合规放行


📋 行为矫正:
  • 交易符合纪律要求

❓ 灵魂拷问:
  • "保持纪律，理性决策"
==================================================

==================================================
⚖️ P12 纪律审查裁决
==================================================
AI: macro_master | 操作: SELL | 股票: 600519.SH
裁决: 🟢 合规放行


📋 行为矫正:
  • 交易符合纪律要求

❓ 灵魂拷问:
  • "保持纪律，理性决策"
==================================================

==================================================
⚖️ P12 纪律审查裁决
==================================================
AI: momentum_kid | 操作: BUY | 股票: 000001.SZ
裁决: 🟢 合规放行


📋 行为矫正:
  • 交易符合纪律要求

❓ 灵魂拷问:
  • "保持纪律，理性决策"
==================================================

==================================================
⚖️ P12 纪律审查裁决
==================================================
AI: macro_master | 操作: SELL | 股票: 600519.SH
裁决: 🟢 合规放行


📋 行为矫正:
  • 交易符合纪律要求

❓ 灵魂拷问:
  • "保持纪律，理性决策"
==================================================

==================================================
⚖️ P12 纪律审查裁决
==================================================
AI: momentum_kid | 操作: SELL | 股票: 000001.SZ
裁决: 🟢 合规放行


📋 行为矫正:
  • 交易符合纪律要求

❓ 灵魂拷问:
  • "保持纪律，理性决策"
==================================================

==================================================
⚖️ P12 纪律审查裁决
==================================================
AI: momentum_kid | 操作: BUY | 股票: 000001.SZ
裁决: 🟢 合规放行


📋 行为矫正:
  • 交易符合纪律要求

❓ 灵魂拷问:
  • "保持纪律，理性决策"
==================================================

==================================================
⚖️ P12 纪律审查裁决
==================================================
AI: trend_chaser | 操作: BUY | 股票: 000001.SZ
裁决: 🟢 合规放行


📋 行为矫正:
  • 交易符合纪律要求

❓ 灵魂拷问:
  • "保持纪律，理性决策"
==================================================

==================================================
⚖️ P12 纪律审查裁决
==================================================
AI: trend_chaser | 操作: SELL | 股票: 000001.SZ
裁决: 🟢 合规放行


📋 行为矫正:
  • 交易符合纪律要求

❓ 灵魂拷问:
  • "保持纪律，理性决策"
==================================================

==================================================
⚖️ P12 纪律审查裁决
==================================================
AI: trend_chaser | 操作: BUY | 股票: 000001.SZ
裁决: 🟢 合规放行


📋 行为矫正:
  • 交易符合纪律要求

❓ 灵魂拷问:
  • "保持纪律，理性决策"
==================================================

==================================================
⚖️ P12 纪律审查裁决
==================================================
AI: tech_whiz | 操作: BUY | 股票: 000001.SZ
裁决: 🟢 合规放行


📋 行为矫正:
  • 交易符合纪律要求

❓ 灵魂拷问:
  • "保持纪律，理性决策"
==================================================
