
==================================================
🎯 P5 FOMO Killer 审查报告
==================================================
股票: 000001.SZ | 买入价: 11.06
裁决: 🟢 绿

📊 审查明细:
  • 均线数据缺失，默认通过
  • 乖离率: -0.38%
  • 乖离率-0.38% < 2.0%，最佳买点 ✅

📋 交易计划:
  • 买入价: 11.06
  • 止损价: 10.73 (跌破则止损)
  • 目标价: 12.06
  • 盈亏比: 3.00:1

💡 操作建议:
  🟢 绿: 立即执行买入
  🟡 黄: 小仓(不超过30%)试探，严格设止损
  🔴 红: 严禁买入，等待回调

==================================================

==================================================
🎯 P5 FOMO Killer 审查报告
==================================================
股票: 000001.SZ | 买入价: 11.06
裁决: 🟢 绿

📊 审查明细:
  • 均线数据缺失，默认通过
  • 乖离率: -0.36%
  • 乖离率-0.36% < 2.0%，最佳买点 ✅

📋 交易计划:
  • 买入价: 11.06
  • 止损价: 10.73 (跌破则止损)
  • 目标价: 12.06
  • 盈亏比: 3.00:1

💡 操作建议:
  🟢 绿: 立即执行买入
  🟡 黄: 小仓(不超过30%)试探，严格设止损
  🔴 红: 严禁买入，等待回调

==================================================

==================================================
🎯 P5 FOMO Killer 审查报告
==================================================
股票: 000001.SZ | 买入价: 11.07
裁决: 🟢 绿

📊 审查明细:
  • 均线数据缺失，默认通过
  • 乖离率: -0.29%
  • 乖离率-0.29% < 2.0%，最佳买点 ✅

📋 交易计划:
  • 买入价: 11.07
  • 止损价: 10.74 (跌破则止损)
  • 目标价: 12.07
  • 盈亏比: 3.00:1

💡 操作建议:
  🟢 绿: 立即执行买入
  🟡 黄: 小仓(不超过30%)试探，严格设止损
  🔴 红: 严禁买入，等待回调

==================================================

==================================================
🎯 P5 FOMO Killer 审查报告
==================================================
股票: 000001.SZ | 买入价: 11.07
裁决: 🟢 绿

📊 审查明细:
  • 均线数据缺失，默认通过
  • 乖离率: -0.29%
  • 乖离率-0.29% < 2.0%，最佳买点 ✅

📋 交易计划:
  • 买入价: 11.07
  • 止损价: 10.74 (跌破则止损)
  • 目标价: 12.07
  • 盈亏比: 3.00:1

💡 操作建议:
  🟢 绿: 立即执行买入
  🟡 黄: 小仓(不超过30%)试探，严格设止损
  🔴 红: 严禁买入，等待回调

==================================================

==================================================
🎯 P5 FOMO Killer 审查报告
==================================================
股票: 000001.SZ | 买入价: 11.06
裁决: 🟢 绿

📊 审查明细:
  • 均线数据缺失，默认通过
  • 乖离率: -0.36%
  • 乖离率-0.36% < 2.0%，最佳买点 ✅

📋 交易计划:
  • 买入价: 11.06
  • 止损价: 10.73 (跌破则止损)
  • 目标价: 12.06
  • 盈亏比: 3.00:1

💡 操作建议:
  🟢 绿: 立即执行买入
  🟡 黄: 小仓(不超过30%)试探，严格设止损
  🔴 红: 严禁买入，等待回调

==================================================

==================================================
🎯 P5 FOMO Killer 审查报告
==================================================
股票: 000001.SZ | 买入价: 11.06
裁决: 🟢 绿

📊 审查明细:
  • 均线数据缺失，默认通过
  • 乖离率: -0.36%
  • 乖离率-0.36% < 2.0%，最佳买点 ✅

📋 交易计划:
  • 买入价: 11.06
  • 止损价: 10.73 (跌破则止损)
  • 目标价: 12.06
  • 盈亏比: 3.00:1

💡 操作建议:
  🟢 绿: 立即执行买入
  🟡 黄: 小仓(不超过30%)试探，严格设止损
  🔴 红: 严禁买入，等待回调

==================================================

==================================================
🎯 P5 FOMO Killer 审查报告
==================================================
股票: 000001.SZ | 买入价: 11.05
裁决: 🟢 绿

📊 审查明细:
  • 均线数据缺失，默认通过
  • 乖离率: -0.43%
  • 乖离率-0.43% < 2.0%，最佳买点 ✅

📋 交易计划:
  • 买入价: 11.05
  • 止损价: 10.72 (跌破则止损)
  • 目标价: 12.04
  • 盈亏比: 3.00:1

💡 操作建议:
  🟢 绿: 立即执行买入
  🟡 黄: 小仓(不超过30%)试探，严格设止损
  🔴 红: 严禁买入，等待回调

==================================================

==================================================
🎯 P5 FOMO Killer 审查报告
==================================================
股票: 000001.SZ | 买入价: 11.07
裁决: 🟢 绿

📊 审查明细:
  • 均线数据缺失，默认通过
  • 乖离率: -0.29%
  • 乖离率-0.29% < 2.0%，最佳买点 ✅

📋 交易计划:
  • 买入价: 11.07
  • 止损价: 10.74 (跌破则止损)
  • 目标价: 12.07
  • 盈亏比: 3.00:1

💡 操作建议:
  🟢 绿: 立即执行买入
  🟡 黄: 小仓(不超过30%)试探，严格设止损
  🔴 红: 严禁买入，等待回调

==================================================

==================================================
🎯 P5 FOMO Killer 审查报告
==================================================
股票: 000001.SZ | 买入价: 11.07
裁决: 🟢 绿

📊 审查明细:
  • 均线数据缺失，默认通过
  • 乖离率: -0.29%
  • 乖离率-0.29% < 2.0%，最佳买点 ✅

📋 交易计划:
  • 买入价: 11.07
  • 止损价: 10.74 (跌破则止损)
  • 目标价: 12.07
  • 盈亏比: 3.00:1

💡 操作建议:
  🟢 绿: 立即执行买入
  🟡 黄: 小仓(不超过30%)试探，严格设止损
  🔴 红: 严禁买入，等待回调

==================================================

==================================================
🎯 P5 FOMO Killer 审查报告
==================================================
股票: 000001.SZ | 买入价: 11.07
裁决: 🟢 绿

📊 审查明细:
  • 均线数据缺失，默认通过
  • 乖离率: -0.29%
  • 乖离率-0.29% < 2.0%，最佳买点 ✅

📋 交易计划:
  • 买入价: 11.07
  • 止损价: 10.74 (跌破则止损)
  • 目标价: 12.07
  • 盈亏比: 3.00:1

💡 操作建议:
  🟢 绿: 立即执行买入
  🟡 黄: 小仓(不超过30%)试探，严格设止损
  🔴 红: 严禁买入，等待回调

==================================================

==================================================
🎯 P5 FOMO Killer 审查报告
==================================================
股票: 000001.SZ | 买入价: 11.07
裁决: 🟢 绿

📊 审查明细:
  • 均线数据缺失，默认通过
  • 乖离率: -0.29%
  • 乖离率-0.29% < 2.0%，最佳买点 ✅

📋 交易计划:
  • 买入价: 11.07
  • 止损价: 10.74 (跌破则止损)
  • 目标价: 12.07
  • 盈亏比: 3.00:1

💡 操作建议:
  🟢 绿: 立即执行买入
  🟡 黄: 小仓(不超过30%)试探，严格设止损
  🔴 红: 严禁买入，等待回调

==================================================

==================================================
🎯 P5 FOMO Killer 审查报告
==================================================
股票: 000001.SZ | 买入价: 11.07
裁决: 🟢 绿

📊 审查明细:
  • 均线数据缺失，默认通过
  • 乖离率: -0.29%
  • 乖离率-0.29% < 2.0%，最佳买点 ✅

📋 交易计划:
  • 买入价: 11.07
  • 止损价: 10.74 (跌破则止损)
  • 目标价: 12.07
  • 盈亏比: 3.00:1

💡 操作建议:
  🟢 绿: 立即执行买入
  🟡 黄: 小仓(不超过30%)试探，严格设止损
  🔴 红: 严禁买入，等待回调

==================================================

==================================================
🎯 P5 FOMO Killer 审查报告
==================================================
股票: 000001.SZ | 买入价: 11.07
裁决: 🟢 绿

📊 审查明细:
  • 均线数据缺失，默认通过
  • 乖离率: -0.29%
  • 乖离率-0.29% < 2.0%，最佳买点 ✅

📋 交易计划:
  • 买入价: 11.07
  • 止损价: 10.74 (跌破则止损)
  • 目标价: 12.07
  • 盈亏比: 3.00:1

💡 操作建议:
  🟢 绿: 立即执行买入
  🟡 黄: 小仓(不超过30%)试探，严格设止损
  🔴 红: 严禁买入，等待回调

==================================================

==================================================
🎯 P5 FOMO Killer 审查报告
==================================================
股票: 000001.SZ | 买入价: 11.07
裁决: 🟢 绿

📊 审查明细:
  • 均线数据缺失，默认通过
  • 乖离率: -0.29%
  • 乖离率-0.29% < 2.0%，最佳买点 ✅

📋 交易计划:
  • 买入价: 11.07
  • 止损价: 10.74 (跌破则止损)
  • 目标价: 12.07
  • 盈亏比: 3.00:1

💡 操作建议:
  🟢 绿: 立即执行买入
  🟡 黄: 小仓(不超过30%)试探，严格设止损
  🔴 红: 严禁买入，等待回调

==================================================

==================================================
🎯 P5 FOMO Killer 审查报告
==================================================
股票: 000001.SZ | 买入价: 11.16
裁决: 🟢 绿

📊 审查明细:
  • 均线数据缺失，默认通过
  • 乖离率: 0.38%
  • 乖离率0.38% < 2.0%，最佳买点 ✅

📋 交易计划:
  • 买入价: 11.16
  • 止损价: 10.83 (跌破则止损)
  • 目标价: 12.16
  • 盈亏比: 3.00:1

💡 操作建议:
  🟢 绿: 立即执行买入
  🟡 黄: 小仓(不超过30%)试探，严格设止损
  🔴 红: 严禁买入，等待回调

==================================================

==================================================
🎯 P5 FOMO Killer 审查报告
==================================================
股票: 000001.SZ | 买入价: 11.21
裁决: 🟢 绿

📊 审查明细:
  • 均线数据缺失，默认通过
  • 乖离率: 0.74%
  • 乖离率0.74% < 2.0%，最佳买点 ✅

📋 交易计划:
  • 买入价: 11.21
  • 止损价: 10.87 (跌破则止损)
  • 目标价: 12.22
  • 盈亏比: 3.00:1

💡 操作建议:
  🟢 绿: 立即执行买入
  🟡 黄: 小仓(不超过30%)试探，严格设止损
  🔴 红: 严禁买入，等待回调

==================================================

==================================================
🎯 P5 FOMO Killer 审查报告
==================================================
股票: 000001.SZ | 买入价: 11.10
裁决: 🟢 绿

📊 审查明细:
  • 均线数据缺失，默认通过
  • 乖离率: -0.25%
  • 乖离率-0.25% < 2.0%，最佳买点 ✅

📋 交易计划:
  • 买入价: 11.10
  • 止损价: 10.77 (跌破则止损)
  • 目标价: 12.10
  • 盈亏比: 3.00:1

💡 操作建议:
  🟢 绿: 立即执行买入
  🟡 黄: 小仓(不超过30%)试探，严格设止损
  🔴 红: 严禁买入，等待回调

==================================================

==================================================
🎯 P5 FOMO Killer 审查报告
==================================================
股票: 000001.SZ | 买入价: 11.11
裁决: 🟢 绿

📊 审查明细:
  • 均线数据缺失，默认通过
  • 乖离率: -0.18%
  • 乖离率-0.18% < 2.0%，最佳买点 ✅

📋 交易计划:
  • 买入价: 11.11
  • 止损价: 10.78 (跌破则止损)
  • 目标价: 12.11
  • 盈亏比: 3.00:1

💡 操作建议:
  🟢 绿: 立即执行买入
  🟡 黄: 小仓(不超过30%)试探，严格设止损
  🔴 红: 严禁买入，等待回调

==================================================

==================================================
🎯 P5 FOMO Killer 审查报告
==================================================
股票: 000001.SZ | 买入价: 11.11
裁决: 🟢 绿

📊 审查明细:
  • 均线数据缺失，默认通过
  • 乖离率: -0.18%
  • 乖离率-0.18% < 2.0%，最佳买点 ✅

📋 交易计划:
  • 买入价: 11.11
  • 止损价: 10.78 (跌破则止损)
  • 目标价: 12.11
  • 盈亏比: 3.00:1

💡 操作建议:
  🟢 绿: 立即执行买入
  🟡 黄: 小仓(不超过30%)试探，严格设止损
  🔴 红: 严禁买入，等待回调

==================================================
