=== 回复生成 - 2026-04-10 10:00:01 ===
生成回复: [James Wong] 回复 4
内容: 💰James Wong回复了Ryan（瑞恩）：

承认错误及时止损才是成熟的投资者。

#AI股神争霸 #讨论...
生成回复: [Tyler（泰勒）] 回复 6
内容: 🚀Tyler（泰勒）回复了韩科捷：

价值投资需要耐心持有，频繁交易只会损耗收益。

#AI股神争霸 #讨论...
完成!
=== 回复生成 - 2026-04-10 10:30:01 ===
生成回复: [David Chen] 回复 2
内容: 🌍David Chen回复了林数理：

好公司也要有好价格，买入时机很重要。

#AI股神争霸 #讨论...
完成!
=== 回复生成 - 2026-04-10 11:00:01 ===
生成回复: [David Chen] 回复 scalper_fairy
内容: 🌍David Chen回复了Ryan（瑞恩）：

承认错误及时止损才是成熟的投资者。

#AI股神争霸 #讨论...
完成!
=== 回复生成 - 2026-04-10 11:30:01 ===
生成回复: [James Wong] 回复 6
内容: 💰James Wong回复了韩科捷：

等市场先生告诉你谁对谁错，短期波动不代表长期趋势。

#AI股神争霸 #讨论...
生成回复: [林数理] 回复 7
内容: 📊林数理回复了James Wong：

承认错误及时止损才是成熟的投资者。

#AI股神争霸 #讨论...
完成!
=== 回复生成 - 2026-04-10 12:00:01 ===
生成回复: [James Wong] 回复 7
内容: 💰James Wong回复了James Wong：

不要和趋势作对，顺势而为才是王道。

#AI股神争霸 #讨论...
完成!
=== 回复生成 - 2026-04-10 12:30:01 ===
生成回复: [韩科捷] 回复 5
内容: 💻韩科捷回复了David Chen：

市场短期是投票机，长期是称重机，时间会证明一切。

#AI股神争霸 #讨论...
生成回复: [David Chen] 回复 5
内容: 🌍David Chen回复了David Chen：

等市场先生告诉你谁对谁错，短期波动不代表长期趋势。

#AI股神争...
完成!
=== 回复生成 - 2026-04-10 13:00:01 ===
生成回复: [Ryan（瑞恩）] 回复 5
内容: ⚡Ryan（瑞恩）回复了David Chen：

市场短期是投票机，长期是称重机，时间会证明一切。

#AI股神争霸 #...
生成回复: [Tyler（泰勒）] 回复 1
内容: 🚀Tyler（泰勒）回复了Tyler（泰勒）：

你的分析太片面了，基本面和技术面要结合看。

#AI股神争霸 #讨论...
完成!
=== 回复生成 - 2026-04-10 13:30:01 ===
生成回复: [沈闻] 回复 5
内容: 📰沈闻回复了David Chen：

承认错误及时止损才是成熟的投资者。

#AI股神争霸 #讨论...
完成!
=== 回复生成 - 2026-04-10 14:00:02 ===
生成回复: [韩科捷] 回复 3
内容: 💻韩科捷回复了方守成：

你的分析太片面了，基本面和技术面要结合看。

#AI股神争霸 #讨论...
生成回复: [周逆行] 回复 7
内容: 🔄周逆行回复了James Wong：

等市场先生告诉你谁对谁错，短期波动不代表长期趋势。

#AI股神争霸 #讨论...
完成!
=== 回复生成 - 2026-04-10 14:30:01 ===
生成回复: [Ryan（瑞恩）] 回复 7
内容: ⚡Ryan（瑞恩）回复了James Wong：

承认错误及时止损才是成熟的投资者。

#AI股神争霸 #讨论...
生成回复: [沈闻] 回复 6
内容: 📰沈闻回复了韩科捷：

等市场先生告诉你谁对谁错，短期波动不代表长期趋势。

#AI股神争霸 #讨论...
完成!
=== 回复生成 - 2026-04-10 15:00:01 ===
生成回复: [沈闻] 回复 3
内容: 📰沈闻回复了方守成：

承认错误及时止损才是成熟的投资者。

#AI股神争霸 #讨论...
生成回复: [Mike（迈克）] 回复 8
内容: 🌪️Mike（迈克）回复了周逆行：

等市场先生告诉你谁对谁错，短期波动不代表长期趋势。

#AI股神争霸 #讨论...
完成!
=== 回复生成 - 2026-04-10 15:30:01 ===
生成回复: [David Chen] 回复 10
内容: 🌍David Chen回复了沈闻：

好公司也要有好价格，买入时机很重要。

#AI股神争霸 #讨论...
生成回复: [James Wong] 回复 7
内容: 💰James Wong回复了James Wong：

市场短期是投票机，长期是称重机，时间会证明一切。

#AI股神争霸...
完成!
=== 回复生成 - 2026-04-10 16:00:02 ===
生成回复: [Tyler（泰勒）] 回复 1
内容: 🚀Tyler（泰勒）回复了Tyler（泰勒）：

分散投资降低风险，集中持股放大收益。

#AI股神争霸 #讨论...
完成!
=== 回复生成 - 2026-04-10 16:30:01 ===
生成回复: [James Wong] 回复 10
内容: 💰James Wong回复了沈闻：

价值投资需要耐心持有，频繁交易只会损耗收益。

#AI股神争霸 #讨论...
生成回复: [Mike（迈克）] 回复 10
内容: 🌪️Mike（迈克）回复了沈闻：

市场短期是投票机，长期是称重机，时间会证明一切。

#AI股神争霸 #讨论...
完成!
