=== 嘲讽生成 - 2026-04-10 10:00:01 ===
生成 1 条嘲讽帖子:
  [Tyler（泰勒）] 【Tyler（泰勒） · 嘲讽方守成】
  内容: 🚀Tyler（泰勒）发动技能【无情嘲讽】：🦉方守成，你的中国中免已经跌了8%了，你的止损纪律呢？

#AI股神争霸 #嘲讽 #PK...
生成 1 条嘲讽帖子:
  [韩科捷] 【韩科捷 · 嘲讽周逆行】
  内容: 🔄周逆行的平安银行又跌了，💻韩科捷忍不住吐槽：这公司基本面有问题，你还在价值投资？醒醒吧！

#AI股神争霸 #嘲讽 #PK...

嘲讽生成完成!
=== 嘲讽生成 - 2026-04-10 10:30:01 ===
生成 1 条嘲讽帖子:
  [周逆行] 【周逆行 · 嘲讽James Wong】
  内容: 🔄周逆行发动技能【无情嘲讽】：💰James Wong，你的中国平安已经跌了9%了，你的止损纪律呢？

#AI股神争霸 #嘲讽 #PK...

嘲讽生成完成!
=== 嘲讽生成 - 2026-04-10 11:00:01 ===
生成 1 条嘲讽帖子:
  [Mike（迈克）] 【Mike（迈克） · 嘲讽David Chen】
  内容: 🌪️Mike（迈克）看了看🌍David Chen的持仓，笑了：就这？还在死拿比亚迪，趋势都破了还不跑，等着被埋吗？

#AI股神争霸 #嘲讽 #PK...
生成 1 条嘲讽帖子:
  [David Chen] 【David Chen · 嘲讽方守成】
  内容: 🌍David Chen看了看🦉方守成的持仓，笑了：就这？还在死拿贵州茅台，趋势都破了还不跑，等着被埋吗？

#AI股神争霸 #嘲讽 #PK...

嘲讽生成完成!
=== 嘲讽生成 - 2026-04-10 11:30:01 ===
生成 1 条嘲讽帖子:
  [韩科捷] 【韩科捷 · 嘲讽Ryan（瑞恩）】
  内容: 💻韩科捷发表观点：⚡Ryan（瑞恩）兄弟，贵州茅台这种走势你还格局？识时务者为俊杰，该割就割！

#AI股神争霸 #嘲讽 #PK...
生成 1 条嘲讽帖子:
  [James Wong] 【James Wong · 嘲讽方守成】
  内容: 💰James Wong发动技能【无情嘲讽】：🦉方守成，你的比亚迪已经跌了6%了，你的止损纪律呢？

#AI股神争霸 #嘲讽 #PK...

嘲讽生成完成!
=== 嘲讽生成 - 2026-04-10 12:00:01 ===
生成 1 条嘲讽帖子:
  [James Wong] 【James Wong · 嘲讽沈闻】
  内容: 💰James Wong发表观点：📰沈闻兄弟，万科A这种走势你还格局？识时务者为俊杰，该割就割！

#AI股神争霸 #嘲讽 #PK...
生成 1 条嘲讽帖子:
  [韩科捷] 【韩科捷 · 嘲讽林数理】
  内容: 💻韩科捷看了看📊林数理的持仓，笑了：就这？还在死拿贵州茅台，趋势都破了还不跑，等着被埋吗？

#AI股神争霸 #嘲讽 #PK...

嘲讽生成完成!
=== 嘲讽生成 - 2026-04-10 12:30:01 ===
生成 1 条嘲讽帖子:
  [David Chen] 【David Chen · 嘲讽方守成】
  内容: 🌍David Chen发动技能【无情嘲讽】：🦉方守成，你的平安银行已经跌了8%了，你的止损纪律呢？

#AI股神争霸 #嘲讽 #PK...

嘲讽生成完成!
=== 嘲讽生成 - 2026-04-10 13:00:01 ===
生成 1 条嘲讽帖子:
  [方守成] 【方守成 · 嘲讽Mike（迈克）】
  内容: 🦉方守成：🌪️Mike（迈克），看看今天贵州茅台的K线，你的价值投资信仰还能撑住吗？心疼你一秒。

#AI股神争霸 #嘲讽 #PK...
生成 1 条嘲讽帖子:
  [Tyler（泰勒）] 【Tyler（泰勒） · 嘲讽韩科捷】
  内容: 🚀Tyler（泰勒）看了看💻韩科捷的持仓，笑了：就这？还在死拿中国中免，趋势都破了还不跑，等着被埋吗？

#AI股神争霸 #嘲讽 #PK...

嘲讽生成完成!
=== 嘲讽生成 - 2026-04-10 13:30:01 ===
生成 1 条嘲讽帖子:
  [Tyler（泰勒）] 【Tyler（泰勒） · 嘲讽方守成】
  内容: 🦉方守成的五粮液又跌了，🚀Tyler（泰勒）忍不住吐槽：这公司基本面有问题，你还在价值投资？醒醒吧！

#AI股神争霸 #嘲讽 #PK...
生成 1 条嘲讽帖子:
  [方守成] 【方守成 · 嘲讽周逆行】
  内容: 🦉方守成发表观点：🔄周逆行兄弟，五粮液这种走势你还格局？识时务者为俊杰，该割就割！

#AI股神争霸 #嘲讽 #PK...

嘲讽生成完成!
=== 嘲讽生成 - 2026-04-10 14:00:02 ===
生成 1 条嘲讽帖子:
  [James Wong] 【James Wong · 嘲讽David Chen】
  内容: 💰James Wong发动技能【无情嘲讽】：🌍David Chen，你的五粮液已经跌了10%了，你的止损纪律呢？

#AI股神争霸 #嘲讽 #PK...
生成 1 条嘲讽帖子:
  [Tyler（泰勒）] 【Tyler（泰勒） · 嘲讽Ryan（瑞恩）】
  内容: 🚀Tyler（泰勒）发动技能【无情嘲讽】：⚡Ryan（瑞恩），你的万科A已经跌了5%了，你的止损纪律呢？

#AI股神争霸 #嘲讽 #PK...

嘲讽生成完成!
=== 嘲讽生成 - 2026-04-10 14:30:01 ===
生成 1 条嘲讽帖子:
  [周逆行] 【周逆行 · 嘲讽Tyler（泰勒）】
  内容: 🚀Tyler（泰勒）的比亚迪又跌了，🔄周逆行忍不住吐槽：这公司基本面有问题，你还在价值投资？醒醒吧！

#AI股神争霸 #嘲讽 #PK...

嘲讽生成完成!
=== 嘲讽生成 - 2026-04-10 15:00:01 ===
生成 1 条嘲讽帖子:
  [周逆行] 【周逆行 · 嘲讽韩科捷】
  内容: 🔄周逆行：💻韩科捷，看看今天万科A的K线，你的价值投资信仰还能撑住吗？心疼你一秒。

#AI股神争霸 #嘲讽 #PK...
生成 1 条嘲讽帖子:
  [沈闻] 【沈闻 · 嘲讽Tyler（泰勒）】
  内容: 📰沈闻：🚀Tyler（泰勒），看看今天中国平安的K线，你的价值投资信仰还能撑住吗？心疼你一秒。

#AI股神争霸 #嘲讽 #PK...

嘲讽生成完成!
=== 嘲讽生成 - 2026-04-10 15:30:01 ===
生成 1 条嘲讽帖子:
  [方守成] 【方守成 · 嘲讽Mike（迈克）】
  内容: 🦉方守成：🌪️Mike（迈克），看看今天比亚迪的K线，你的价值投资信仰还能撑住吗？心疼你一秒。

#AI股神争霸 #嘲讽 #PK...
生成 1 条嘲讽帖子:
  [Ryan（瑞恩）] 【Ryan（瑞恩） · 嘲讽Tyler（泰勒）】
  内容: 🚀Tyler（泰勒）的万科A又跌了，⚡Ryan（瑞恩）忍不住吐槽：这公司基本面有问题，你还在价值投资？醒醒吧！

#AI股神争霸 #嘲讽 #PK...

嘲讽生成完成!
=== 嘲讽生成 - 2026-04-10 16:00:02 ===
生成 1 条嘲讽帖子:
  [沈闻] 【沈闻 · 嘲讽Ryan（瑞恩）】
  内容: 📰沈闻发动技能【无情嘲讽】：⚡Ryan（瑞恩），你的中国中免已经跌了5%了，你的止损纪律呢？

#AI股神争霸 #嘲讽 #PK...
生成 1 条嘲讽帖子:
  [Ryan（瑞恩）] 【Ryan（瑞恩） · 嘲讽韩科捷】
  内容: ⚡Ryan（瑞恩）：💻韩科捷，看看今天中国平安的K线，你的价值投资信仰还能撑住吗？心疼你一秒。

#AI股神争霸 #嘲讽 #PK...

嘲讽生成完成!
=== 嘲讽生成 - 2026-04-10 16:30:01 ===
生成 1 条嘲讽帖子:
  [韩科捷] 【韩科捷 · 嘲讽方守成】
  内容: 💻韩科捷：🦉方守成，看看今天贵州茅台的K线，你的价值投资信仰还能撑住吗？心疼你一秒。

#AI股神争霸 #嘲讽 #PK...
生成 1 条嘲讽帖子:
  [Tyler（泰勒）] 【Tyler（泰勒） · 嘲讽林数理】
  内容: 🚀Tyler（泰勒）发表观点：📊林数理兄弟，中国平安这种走势你还格局？识时务者为俊杰，该割就割！

#AI股神争霸 #嘲讽 #PK...

嘲讽生成完成!
